TN:
SF:src/App.js
FN:4,(anonymous_0)
FN:7,(anonymous_1)
FNF:2
FNH:2
FNDA:4,(anonymous_0)
FNDA:4,(anonymous_1)
DA:5,4
DA:8,4
LF:2
LH:2
BRF:0
BRH:0
end_of_record
TN:
SF:src/controller/EventController.js
FN:18,(anonymous_0)
FN:22,(anonymous_1)
FN:27,(anonymous_2)
FN:34,(anonymous_3)
FN:41,(anonymous_4)
FN:48,(anonymous_5)
FN:56,(anonymous_6)
FN:64,(anonymous_7)
FN:72,(anonymous_8)
FN:79,(anonymous_9)
FNF:10
FNH:10
FNDA:4,(anonymous_0)
FNDA:4,(anonymous_1)
FNDA:4,(anonymous_2)
FNDA:4,(anonymous_3)
FNDA:4,(anonymous_4)
FNDA:4,(anonymous_5)
FNDA:4,(anonymous_6)
FNDA:4,(anonymous_7)
FNDA:4,(anonymous_8)
FNDA:4,(anonymous_9)
DA:19,4
DA:23,4
DA:24,4
DA:28,4
DA:29,4
DA:30,4
DA:31,4
DA:35,4
DA:36,4
DA:37,4
DA:38,4
DA:42,4
DA:43,4
DA:44,4
DA:45,4
DA:49,4
DA:50,4
DA:51,4
DA:52,4
DA:53,4
DA:57,4
DA:58,4
DA:59,4
DA:60,4
DA:61,4
DA:65,4
DA:66,4
DA:67,4
DA:68,4
DA:69,4
DA:73,4
DA:74,4
DA:75,4
DA:76,4
DA:80,4
DA:81,4
DA:82,4
DA:83,4
LF:38
LH:38
BRF:0
BRH:0
end_of_record
TN:
SF:src/data/date.js
FNF:0
FNH:0
DA:1,2
DA:2,2
LF:2
LH:2
BRF:0
BRH:0
end_of_record
TN:
SF:src/data/menu.js
FNF:0
FNH:0
DA:1,4
LF:1
LH:1
BRF:0
BRH:0
end_of_record
TN:
SF:src/data/message.js
FN:8,(anonymous_0)
FNF:1
FNH:1
FNDA:4,(anonymous_0)
DA:1,4
DA:6,4
DA:8,4
DA:18,4
LF:4
LH:4
BRF:0
BRH:0
end_of_record
TN:
SF:src/model/Benefit.js
FN:4,(anonymous_0)
FN:9,(anonymous_1)
FN:23,(anonymous_2)
FN:37,(anonymous_3)
FN:38,(anonymous_4)
FN:43,(anonymous_5)
FN:55,(anonymous_6)
FN:72,(anonymous_7)
FN:73,(anonymous_8)
FN:86,(anonymous_9)
FN:87,(anonymous_10)
FNF:11
FNH:11
FNDA:24,(anonymous_0)
FNDA:6,(anonymous_1)
FNDA:7,(anonymous_2)
FNDA:7,(anonymous_3)
FNDA:11,(anonymous_4)
FNDA:7,(anonymous_5)
FNDA:25,(anonymous_6)
FNDA:6,(anonymous_7)
FNDA:4,(anonymous_8)
FNDA:6,(anonymous_9)
FNDA:1,(anonymous_10)
DA:5,24
DA:6,24
DA:10,6
DA:11,2
DA:14,4
DA:18,25
DA:20,25
DA:24,7
DA:25,2
DA:27,5
DA:28,1
DA:30,4
DA:31,2
DA:34,2
DA:38,7
DA:39,11
DA:44,7
DA:45,7
DA:46,2
DA:48,5
DA:49,5
DA:50,5
DA:51,5
DA:52,5
DA:54,5
DA:55,25
DA:56,5
DA:60,5
DA:61,5
DA:62,3
DA:65,5
DA:66,5
DA:70,5
DA:71,5
DA:72,6
DA:73,4
DA:75,5
DA:76,1
DA:78,5
DA:80,5
DA:84,5
DA:85,5
DA:86,6
DA:87,1
DA:89,5
DA:90,4
DA:92,5
DA:94,5
DA:98,5
DA:99,5
DA:100,2
DA:102,5
DA:104,5
DA:109,5
DA:111,5
DA:112,5
LF:56
LH:56
BRDA:10,0,0,2
BRDA:10,0,1,4
BRDA:24,1,0,2
BRDA:24,1,1,5
BRDA:24,2,0,7
BRDA:24,2,1,5
BRDA:27,3,0,1
BRDA:27,3,1,4
BRDA:27,4,0,5
BRDA:27,4,1,3
BRDA:30,5,0,2
BRDA:30,5,1,2
BRDA:45,6,0,2
BRDA:45,6,1,5
BRDA:61,7,0,3
BRDA:61,7,1,2
BRDA:75,8,0,1
BRDA:75,8,1,4
BRDA:89,9,0,4
BRDA:89,9,1,1
BRDA:99,10,0,2
BRDA:99,10,1,3
BRDA:109,11,0,3
BRDA:109,11,1,2
BRF:24
BRH:24
end_of_record
TN:
SF:src/model/DateValidator.js
FN:7,(anonymous_0)
FN:9,(anonymous_1)
FN:25,(anonymous_2)
FN:31,(anonymous_3)
FNF:4
FNH:4
FNDA:5,(anonymous_0)
FNDA:5,(anonymous_1)
FNDA:10,(anonymous_2)
FNDA:8,(anonymous_3)
DA:10,5
DA:11,5
DA:12,6
DA:13,6
DA:14,5
DA:15,5
DA:17,1
DA:18,1
DA:22,5
DA:26,10
DA:27,5
DA:32,8
DA:33,3
LF:13
LH:13
BRDA:26,0,0,5
BRDA:26,0,1,5
BRDA:32,1,0,3
BRDA:32,1,1,5
BRDA:32,2,0,8
BRDA:32,2,1,7
BRF:6
BRH:6
end_of_record
TN:
SF:src/model/Menu.js
FN:6,(anonymous_0)
FN:8,(anonymous_1)
FN:12,(anonymous_2)
FN:20,(anonymous_3)
FN:21,(anonymous_4)
FN:28,(anonymous_5)
FNF:6
FNH:6
FNDA:17,(anonymous_0)
FNDA:14,(anonymous_1)
FNDA:183,(anonymous_2)
FNDA:8,(anonymous_3)
FNDA:15,(anonymous_4)
FNDA:7,(anonymous_5)
DA:9,14
DA:10,14
DA:11,14
DA:12,183
DA:13,27
DA:14,27
DA:17,14
DA:21,8
DA:22,15
DA:24,15
DA:29,7
DA:30,7
LF:12
LH:12
BRDA:29,0,0,2
BRDA:29,0,1,5
BRF:2
BRH:2
end_of_record
TN:
SF:src/model/MenuValidator.js
FN:10,(anonymous_0)
FN:12,(anonymous_1)
FN:16,(anonymous_2)
FN:24,(anonymous_3)
FN:39,(anonymous_4)
FN:48,(anonymous_5)
FN:52,(anonymous_6)
FN:58,(anonymous_7)
FN:61,(anonymous_8)
FN:70,(anonymous_9)
FN:83,(anonymous_10)
FN:86,(anonymous_11)
FN:87,(anonymous_12)
FN:94,(anonymous_13)
FN:104,(anonymous_14)
FNF:15
FNH:15
FNDA:5,(anonymous_0)
FNDA:45,(anonymous_1)
FNDA:82,(anonymous_2)
FNDA:5,(anonymous_3)
FNDA:6,(anonymous_4)
FNDA:6,(anonymous_5)
FNDA:11,(anonymous_6)
FNDA:7,(anonymous_7)
FNDA:15,(anonymous_8)
FNDA:11,(anonymous_9)
FNDA:8,(anonymous_10)
FNDA:96,(anonymous_11)
FNDA:13,(anonymous_12)
FNDA:9,(anonymous_13)
FNDA:6,(anonymous_14)
DA:13,45
DA:14,45
DA:16,45
DA:17,82
DA:18,82
DA:21,45
DA:25,5
DA:26,5
DA:27,6
DA:28,6
DA:29,5
DA:31,1
DA:32,1
DA:36,5
DA:40,6
DA:41,6
DA:42,6
DA:43,5
DA:44,5
DA:45,5
DA:49,6
DA:50,6
DA:52,11
DA:53,6
DA:54,1
DA:59,7
DA:60,7
DA:61,7
DA:62,15
DA:65,7
DA:66,2
DA:71,11
DA:72,11
DA:73,15
DA:74,3
DA:76,12
DA:77,12
DA:78,2
DA:84,8
DA:85,8
DA:86,96
DA:87,13
DA:89,8
DA:90,2
DA:95,9
DA:96,9
DA:97,9
DA:98,13
DA:99,4
DA:105,6
DA:106,6
DA:107,6
DA:108,6
DA:109,1
LF:54
LH:54
BRDA:53,0,0,1
BRDA:53,0,1,5
BRDA:65,1,0,2
BRDA:65,1,1,5
BRDA:73,2,0,3
BRDA:73,2,1,12
BRDA:77,3,0,2
BRDA:77,3,1,10
BRDA:89,4,0,2
BRDA:89,4,1,6
BRDA:98,5,0,4
BRDA:98,5,1,9
BRDA:98,6,0,13
BRDA:98,6,1,10
BRDA:108,7,0,1
BRDA:108,7,1,5
BRF:16
BRH:16
end_of_record
TN:
SF:src/view/InputView.js
FN:8,(anonymous_0)
FN:17,(anonymous_1)
FNF:2
FNH:2
FNDA:5,(anonymous_0)
FNDA:5,(anonymous_1)
DA:7,4
DA:9,5
DA:11,5
DA:12,5
DA:14,5
DA:18,5
DA:20,5
DA:21,5
DA:23,5
LF:9
LH:9
BRF:0
BRH:0
end_of_record
TN:
SF:src/view/OutputView.js
FN:7,(anonymous_0)
FN:14,(anonymous_1)
FN:18,(anonymous_2)
FN:28,(anonymous_3)
FN:38,(anonymous_4)
FNF:5
FNH:5
FNDA:36,(anonymous_0)
FNDA:8,(anonymous_1)
FNDA:16,(anonymous_2)
FNDA:20,(anonymous_3)
FNDA:2,(anonymous_4)
DA:6,4
DA:8,36
DA:9,4
DA:11,32
DA:15,8
DA:16,1
DA:18,7
DA:19,16
DA:20,8
DA:22,16
DA:23,8
DA:29,20
DA:30,9
DA:32,11
DA:33,3
DA:35,8
DA:39,2
LF:17
LH:17
BRDA:8,0,0,4
BRDA:8,0,1,32
BRDA:15,1,0,1
BRDA:15,1,1,7
BRDA:19,2,0,8
BRDA:19,2,1,8
BRDA:22,3,0,8
BRDA:22,3,1,8
BRDA:29,4,0,9
BRDA:29,4,1,11
BRDA:29,5,0,20
BRDA:29,5,1,12
BRDA:32,6,0,3
BRDA:32,6,1,8
BRDA:35,7,0,8
BRDA:35,7,1,5
BRF:16
BRH:16
end_of_record
